(HTTP) Error 404: 
https://api.github.com/repos/wg/wrk/contents/CODE_OF_CONDUCT.md?client_id=4161a8257efaea420c94&client_secret=d814ec48927a6bd62c55c058cd028a949e5362d4
(HTTP) Error 404: 
https://api.github.com/repos/torvalds/linux/contents/CODE_OF_CONDUCT.md?client_id=4161a8257efaea420c94&client_secret=d814ec48927a6bd62c55c058cd028a949e5362d4
(HTTP) Error 404: 
https://api.github.com/repos/SamyPesse/How-to-Make-a-Computer-Operating-System/contents/CODE_OF_CONDUCT.md?client_id=4161a8257efaea420c94&client_secret=d814ec48927a6bd62c55c058cd028a949e5362d4
(HTTP) Error 404: 
https://api.github.com/repos/wg/wrk/contents/CODE_OF_CONDUCT?client_id=4161a8257efaea420c94&client_secret=d814ec48927a6bd62c55c058cd028a949e5362d4
(HTTP) Error 404: 
https://api.github.com/repos/SamyPesse/How-to-Make-a-Computer-Operating-System/contents/CODE_OF_CONDUCT?client_id=4161a8257efaea420c94&client_secret=d814ec48927a6bd62c55c058cd028a949e5362d4
(HTTP) Error 404: 
https://api.github.com/repos/torvalds/linux/contents/CODE_OF_CONDUCT?client_id=4161a8257efaea420c94&client_secret=d814ec48927a6bd62c55c058cd028a949e5362d4
(HTTP) Error 404: 
https://api.github.com/repos/wg/wrk/contents/CODE_OF_CONDUCT.markdown?client_id=4161a8257efaea420c94&client_secret=d814ec48927a6bd62c55c058cd028a949e5362d4
(HTTP) Error 404: 
https://api.github.com/repos/torvalds/linux/contents/CODE_OF_CONDUCT.markdown?client_id=4161a8257efaea420c94&client_secret=d814ec48927a6bd62c55c058cd028a949e5362d4
(HTTP) Error 404: 
https://api.github.com/repos/SamyPesse/How-to-Make-a-Computer-Operating-System/contents/CODE_OF_CONDUCT.markdown?client_id=4161a8257efaea420c94&client_secret=d814ec48927a6bd62c55c058cd028a949e5362d4
(HTTP) Error 404: 
https://api.github.com/repos/torvalds/linux/contents/CODE_OF_CONDUCT.MD?client_id=4161a8257efaea420c94&client_secret=d814ec48927a6bd62c55c058cd028a949e5362d4
(HTTP) Error 404: 
https://api.github.com/repos/wg/wrk/contents/CODE_OF_CONDUCT.MD?client_id=4161a8257efaea420c94&client_secret=d814ec48927a6bd62c55c058cd028a949e5362d4
(HTTP) Error 404: 
https://api.github.com/repos/SamyPesse/How-to-Make-a-Computer-Operating-System/contents/CODE_OF_CONDUCT.MD?client_id=4161a8257efaea420c94&client_secret=d814ec48927a6bd62c55c058cd028a949e5362d4
(HTTP) Error 404: 
https://api.github.com/repos/firehol/netdata/contents/CODE_OF_CONDUCT?client_id=4161a8257efaea420c94&client_secret=d814ec48927a6bd62c55c058cd028a949e5362d4
(HTTP) Error 404: 
https://api.github.com/repos/ggreer/the_silver_searcher/contents/CODE_OF_CONDUCT.md?client_id=4161a8257efaea420c94&client_secret=d814ec48927a6bd62c55c058cd028a949e5362d4
(HTTP) Error 404: 
https://api.github.com/repos/antirez/redis/contents/CODE_OF_CONDUCT.md?client_id=4161a8257efaea420c94&client_secret=d814ec48927a6bd62c55c058cd028a949e5362d4
(HTTP) Error 404: 
https://api.github.com/repos/Bilibili/ijkplayer/contents/CODE_OF_CONDUCT.md?client_id=4161a8257efaea420c94&client_secret=d814ec48927a6bd62c55c058cd028a949e5362d4
(HTTP) Error 404: 
https://api.github.com/repos/firehol/netdata/contents/CODE_OF_CONDUCT.markdown?client_id=4161a8257efaea420c94&client_secret=d814ec48927a6bd62c55c058cd028a949e5362d4
(HTTP) Error 404: 
https://api.github.com/repos/antirez/redis/contents/CODE_OF_CONDUCT?client_id=4161a8257efaea420c94&client_secret=d814ec48927a6bd62c55c058cd028a949e5362d4
(HTTP) Error 404: 
https://api.github.com/repos/ggreer/the_silver_searcher/contents/CODE_OF_CONDUCT?client_id=4161a8257efaea420c94&client_secret=d814ec48927a6bd62c55c058cd028a949e5362d4
(HTTP) Error 404: 
https://api.github.com/repos/Bilibili/ijkplayer/contents/CODE_OF_CONDUCT?client_id=4161a8257efaea420c94&client_secret=d814ec48927a6bd62c55c058cd028a949e5362d4
(HTTP) Error 404: 
https://api.github.com/repos/Bilibili/ijkplayer/contents/CODE_OF_CONDUCT.markdown?client_id=4161a8257efaea420c94&client_secret=d814ec48927a6bd62c55c058cd028a949e5362d4
(HTTP) Error 404: 
https://api.github.com/repos/antirez/redis/contents/CODE_OF_CONDUCT.markdown?client_id=4161a8257efaea420c94&client_secret=d814ec48927a6bd62c55c058cd028a949e5362d4
(HTTP) Error 404: 
https://api.github.com/repos/ggreer/the_silver_searcher/contents/CODE_OF_CONDUCT.markdown?client_id=4161a8257efaea420c94&client_secret=d814ec48927a6bd62c55c058cd028a949e5362d4
(HTTP) Error 404: 
https://api.github.com/repos/firehol/netdata/contents/CODE_OF_CONDUCT.MD?client_id=4161a8257efaea420c94&client_secret=d814ec48927a6bd62c55c058cd028a949e5362d4
(HTTP) Error 404: 
https://api.github.com/repos/antirez/redis/contents/CODE_OF_CONDUCT.MD?client_id=4161a8257efaea420c94&client_secret=d814ec48927a6bd62c55c058cd028a949e5362d4
(HTTP) Error 404: 
https://api.github.com/repos/Bilibili/ijkplayer/contents/CODE_OF_CONDUCT.MD?client_id=4161a8257efaea420c94&client_secret=d814ec48927a6bd62c55c058cd028a949e5362d4
(HTTP) Error 404: 
https://api.github.com/repos/ggreer/the_silver_searcher/contents/CODE_OF_CONDUCT.MD?client_id=4161a8257efaea420c94&client_secret=d814ec48927a6bd62c55c058cd028a949e5362d4
(HTTP) Error 404: 
https://api.github.com/repos/julycoding/The-Art-Of-Programming-By-July/contents/CODE_OF_CONDUCT.md?client_id=4161a8257efaea420c94&client_secret=d814ec48927a6bd62c55c058cd028a949e5362d4
(HTTP) Error 404: 
https://api.github.com/repos/git/git/contents/CODE_OF_CONDUCT.md?client_id=4161a8257efaea420c94&client_secret=d814ec48927a6bd62c55c058cd028a949e5362d4
(HTTP) Error 404: 
https://api.github.com/repos/kripken/emscripten/contents/CODE_OF_CONDUCT.md?client_id=4161a8257efaea420c94&client_secret=d814ec48927a6bd62c55c058cd028a949e5362d4
(HTTP) Error 404: 
https://api.github.com/repos/bang590/JSPatch/contents/CODE_OF_CONDUCT.md?client_id=4161a8257efaea420c94&client_secret=d814ec48927a6bd62c55c058cd028a949e5362d4
(HTTP) Error 404: 
https://api.github.com/repos/git/git/contents/CODE_OF_CONDUCT?client_id=4161a8257efaea420c94&client_secret=d814ec48927a6bd62c55c058cd028a949e5362d4
(HTTP) Error 404: 
https://api.github.com/repos/kripken/emscripten/contents/CODE_OF_CONDUCT?client_id=4161a8257efaea420c94&client_secret=d814ec48927a6bd62c55c058cd028a949e5362d4
(HTTP) Error 404: 
https://api.github.com/repos/julycoding/The-Art-Of-Programming-By-July/contents/CODE_OF_CONDUCT?client_id=4161a8257efaea420c94&client_secret=d814ec48927a6bd62c55c058cd028a949e5362d4
(HTTP) Error 404: 
https://api.github.com/repos/bang590/JSPatch/contents/CODE_OF_CONDUCT?client_id=4161a8257efaea420c94&client_secret=d814ec48927a6bd62c55c058cd028a949e5362d4
(HTTP) Error 404: 
https://api.github.com/repos/kripken/emscripten/contents/CODE_OF_CONDUCT.markdown?client_id=4161a8257efaea420c94&client_secret=d814ec48927a6bd62c55c058cd028a949e5362d4
(HTTP) Error 404: 
https://api.github.com/repos/julycoding/The-Art-Of-Programming-By-July/contents/CODE_OF_CONDUCT.markdown?client_id=4161a8257efaea420c94&client_secret=d814ec48927a6bd62c55c058cd028a949e5362d4
(HTTP) Error 404: 
https://api.github.com/repos/git/git/contents/CODE_OF_CONDUCT.markdown?client_id=4161a8257efaea420c94&client_secret=d814ec48927a6bd62c55c058cd028a949e5362d4
(HTTP) Error 404: 
https://api.github.com/repos/bang590/JSPatch/contents/CODE_OF_CONDUCT.markdown?client_id=4161a8257efaea420c94&client_secret=d814ec48927a6bd62c55c058cd028a949e5362d4
(HTTP) Error 404: 
https://api.github.com/repos/kripken/emscripten/contents/CODE_OF_CONDUCT.MD?client_id=4161a8257efaea420c94&client_secret=d814ec48927a6bd62c55c058cd028a949e5362d4
(HTTP) Error 404: 
https://api.github.com/repos/julycoding/The-Art-Of-Programming-By-July/contents/CODE_OF_CONDUCT.MD?client_id=4161a8257efaea420c94&client_secret=d814ec48927a6bd62c55c058cd028a949e5362d4
(HTTP) Error 404: 
https://api.github.com/repos/git/git/contents/CODE_OF_CONDUCT.MD?client_id=4161a8257efaea420c94&client_secret=d814ec48927a6bd62c55c058cd028a949e5362d4
(HTTP) Error 404: 
https://api.github.com/repos/bang590/JSPatch/contents/CODE_OF_CONDUCT.MD?client_id=4161a8257efaea420c94&client_secret=d814ec48927a6bd62c55c058cd028a949e5362d4
(HTTP) Error 404: 
https://api.github.com/repos/php/php-src/contents/CODE_OF_CONDUCT.md?client_id=4161a8257efaea420c94&client_secret=d814ec48927a6bd62c55c058cd028a949e5362d4
(HTTP) Error 404: 
https://api.github.com/repos/grpc/grpc/contents/CODE_OF_CONDUCT.md?client_id=4161a8257efaea420c94&client_secret=d814ec48927a6bd62c55c058cd028a949e5362d4
(HTTP) Error 404: 
https://api.github.com/repos/vim/vim/contents/CODE_OF_CONDUCT.md?client_id=4161a8257efaea420c94&client_secret=d814ec48927a6bd62c55c058cd028a949e5362d4
(HTTP) Error 404: 
https://api.github.com/repos/php/php-src/contents/CODE_OF_CONDUCT?client_id=4161a8257efaea420c94&client_secret=d814ec48927a6bd62c55c058cd028a949e5362d4
(HTTP) Error 404: 
https://api.github.com/repos/grpc/grpc/contents/CODE_OF_CONDUCT?client_id=4161a8257efaea420c94&client_secret=d814ec48927a6bd62c55c058cd028a949e5362d4
(HTTP) Error 404: 
https://api.github.com/repos/vim/vim/contents/CODE_OF_CONDUCT?client_id=4161a8257efaea420c94&client_secret=d814ec48927a6bd62c55c058cd028a949e5362d4
(HTTP) Error 404: 
https://api.github.com/repos/php/php-src/contents/CODE_OF_CONDUCT.markdown?client_id=4161a8257efaea420c94&client_secret=d814ec48927a6bd62c55c058cd028a949e5362d4
(HTTP) Error 404: 
https://api.github.com/repos/vim/vim/contents/CODE_OF_CONDUCT.markdown?client_id=4161a8257efaea420c94&client_secret=d814ec48927a6bd62c55c058cd028a949e5362d4
(HTTP) Error 404: 
https://api.github.com/repos/grpc/grpc/contents/CODE_OF_CONDUCT.markdown?client_id=4161a8257efaea420c94&client_secret=d814ec48927a6bd62c55c058cd028a949e5362d4
(HTTP) Error 404: 
https://api.github.com/repos/stedolan/jq/contents/CODE_OF_CONDUCT.md?client_id=4161a8257efaea420c94&client_secret=d814ec48927a6bd62c55c058cd028a949e5362d4
(HTTP) Error 404: 
https://api.github.com/repos/php/php-src/contents/CODE_OF_CONDUCT.MD?client_id=4161a8257efaea420c94&client_secret=d814ec48927a6bd62c55c058cd028a949e5362d4
(HTTP) Error 404: 
https://api.github.com/repos/vim/vim/contents/CODE_OF_CONDUCT.MD?client_id=4161a8257efaea420c94&client_secret=d814ec48927a6bd62c55c058cd028a949e5362d4
(HTTP) Error 404: 
https://api.github.com/repos/grpc/grpc/contents/CODE_OF_CONDUCT.MD?client_id=4161a8257efaea420c94&client_secret=d814ec48927a6bd62c55c058cd028a949e5362d4
(HTTP) Error 404: 
https://api.github.com/repos/stedolan/jq/contents/CODE_OF_CONDUCT?client_id=4161a8257efaea420c94&client_secret=d814ec48927a6bd62c55c058cd028a949e5362d4
(HTTP) Error 404: 
https://api.github.com/repos/FFmpeg/FFmpeg/contents/CODE_OF_CONDUCT.md?client_id=4161a8257efaea420c94&client_secret=d814ec48927a6bd62c55c058cd028a949e5362d4
(HTTP) Error 404: 
https://api.github.com/repos/torch/torch7/contents/CODE_OF_CONDUCT.md?client_id=4161a8257efaea420c94&client_secret=d814ec48927a6bd62c55c058cd028a949e5362d4
(HTTP) Error 404: 
https://api.github.com/repos/stedolan/jq/contents/CODE_OF_CONDUCT.markdown?client_id=4161a8257efaea420c94&client_secret=d814ec48927a6bd62c55c058cd028a949e5362d4
(HTTP) Error 404: 
https://api.github.com/repos/tmux/tmux/contents/CODE_OF_CONDUCT.md?client_id=4161a8257efaea420c94&client_secret=d814ec48927a6bd62c55c058cd028a949e5362d4
(HTTP) Error 404: 
https://api.github.com/repos/FFmpeg/FFmpeg/contents/CODE_OF_CONDUCT?client_id=4161a8257efaea420c94&client_secret=d814ec48927a6bd62c55c058cd028a949e5362d4
(HTTP) Error 404: 
https://api.github.com/repos/torch/torch7/contents/CODE_OF_CONDUCT?client_id=4161a8257efaea420c94&client_secret=d814ec48927a6bd62c55c058cd028a949e5362d4
(HTTP) Error 404: 
https://api.github.com/repos/stedolan/jq/contents/CODE_OF_CONDUCT.MD?client_id=4161a8257efaea420c94&client_secret=d814ec48927a6bd62c55c058cd028a949e5362d4
(HTTP) Error 404: 
https://api.github.com/repos/tmux/tmux/contents/CODE_OF_CONDUCT?client_id=4161a8257efaea420c94&client_secret=d814ec48927a6bd62c55c058cd028a949e5362d4
(HTTP) Error 404: 
https://api.github.com/repos/FFmpeg/FFmpeg/contents/CODE_OF_CONDUCT.markdown?client_id=4161a8257efaea420c94&client_secret=d814ec48927a6bd62c55c058cd028a949e5362d4
(HTTP) Error 404: 
https://api.github.com/repos/torch/torch7/contents/CODE_OF_CONDUCT.markdown?client_id=4161a8257efaea420c94&client_secret=d814ec48927a6bd62c55c058cd028a949e5362d4
(HTTP) Error 404: 
https://api.github.com/repos/irungentoo/toxcore/contents/CODE_OF_CONDUCT.md?client_id=4161a8257efaea420c94&client_secret=d814ec48927a6bd62c55c058cd028a949e5362d4
(HTTP) Error 404: 
https://api.github.com/repos/tmux/tmux/contents/CODE_OF_CONDUCT.markdown?client_id=4161a8257efaea420c94&client_secret=d814ec48927a6bd62c55c058cd028a949e5362d4
(HTTP) Error 404: 
https://api.github.com/repos/FFmpeg/FFmpeg/contents/CODE_OF_CONDUCT.MD?client_id=4161a8257efaea420c94&client_secret=d814ec48927a6bd62c55c058cd028a949e5362d4
(HTTP) Error 404: 
https://api.github.com/repos/torch/torch7/contents/CODE_OF_CONDUCT.MD?client_id=4161a8257efaea420c94&client_secret=d814ec48927a6bd62c55c058cd028a949e5362d4
(HTTP) Error 404: 
https://api.github.com/repos/irungentoo/toxcore/contents/CODE_OF_CONDUCT?client_id=4161a8257efaea420c94&client_secret=d814ec48927a6bd62c55c058cd028a949e5362d4
(HTTP) Error 404: 
https://api.github.com/repos/tmux/tmux/contents/CODE_OF_CONDUCT.MD?client_id=4161a8257efaea420c94&client_secret=d814ec48927a6bd62c55c058cd028a949e5362d4
(HTTP) Error 404: 
https://api.github.com/repos/DrKLO/Telegram/contents/CODE_OF_CONDUCT.md?client_id=4161a8257efaea420c94&client_secret=d814ec48927a6bd62c55c058cd028a949e5362d4
(HTTP) Error 404: 
https://api.github.com/repos/twitter/twemproxy/contents/CODE_OF_CONDUCT.md?client_id=4161a8257efaea420c94&client_secret=d814ec48927a6bd62c55c058cd028a949e5362d4
(HTTP) Error 404: 
https://api.github.com/repos/irungentoo/toxcore/contents/CODE_OF_CONDUCT.markdown?client_id=4161a8257efaea420c94&client_secret=d814ec48927a6bd62c55c058cd028a949e5362d4
(HTTP) Error 404: 
https://api.github.com/repos/libuv/libuv/contents/CODE_OF_CONDUCT.md?client_id=4161a8257efaea420c94&client_secret=d814ec48927a6bd62c55c058cd028a949e5362d4
(HTTP) Error 404: 
https://api.github.com/repos/DrKLO/Telegram/contents/CODE_OF_CONDUCT?client_id=4161a8257efaea420c94&client_secret=d814ec48927a6bd62c55c058cd028a949e5362d4
(HTTP) Error 404: 
https://api.github.com/repos/twitter/twemproxy/contents/CODE_OF_CONDUCT?client_id=4161a8257efaea420c94&client_secret=d814ec48927a6bd62c55c058cd028a949e5362d4
(HTTP) Error 404: 
https://api.github.com/repos/irungentoo/toxcore/contents/CODE_OF_CONDUCT.MD?client_id=4161a8257efaea420c94&client_secret=d814ec48927a6bd62c55c058cd028a949e5362d4
(HTTP) Error 404: 
https://api.github.com/repos/libuv/libuv/contents/CODE_OF_CONDUCT?client_id=4161a8257efaea420c94&client_secret=d814ec48927a6bd62c55c058cd028a949e5362d4
(HTTP) Error 404: 
https://api.github.com/repos/DrKLO/Telegram/contents/CODE_OF_CONDUCT.markdown?client_id=4161a8257efaea420c94&client_secret=d814ec48927a6bd62c55c058cd028a949e5362d4
(HTTP) Error 404: 
https://api.github.com/repos/twitter/twemproxy/contents/CODE_OF_CONDUCT.markdown?client_id=4161a8257efaea420c94&client_secret=d814ec48927a6bd62c55c058cd028a949e5362d4
(HTTP) Error 404: 
https://api.github.com/repos/libuv/libuv/contents/CODE_OF_CONDUCT.markdown?client_id=4161a8257efaea420c94&client_secret=d814ec48927a6bd62c55c058cd028a949e5362d4
(HTTP) Error 404: 
https://api.github.com/repos/DrKLO/Telegram/contents/CODE_OF_CONDUCT.MD?client_id=4161a8257efaea420c94&client_secret=d814ec48927a6bd62c55c058cd028a949e5362d4
(HTTP) Error 404: 
https://api.github.com/repos/twitter/twemproxy/contents/CODE_OF_CONDUCT.MD?client_id=4161a8257efaea420c94&client_secret=d814ec48927a6bd62c55c058cd028a949e5362d4
(HTTP) Error 404: 
https://api.github.com/repos/jp9000/obs-studio/contents/CODE_OF_CONDUCT.md?client_id=4161a8257efaea420c94&client_secret=d814ec48927a6bd62c55c058cd028a949e5362d4
(HTTP) Error 404: 
https://api.github.com/repos/libuv/libuv/contents/CODE_OF_CONDUCT.MD?client_id=4161a8257efaea420c94&client_secret=d814ec48927a6bd62c55c058cd028a949e5362d4
(HTTP) Error 404: 
https://api.github.com/repos/robertdavidgraham/masscan/contents/CODE_OF_CONDUCT.md?client_id=4161a8257efaea420c94&client_secret=d814ec48927a6bd62c55c058cd028a949e5362d4
(HTTP) Error 404: 
https://api.github.com/repos/vurtun/nuklear/contents/CODE_OF_CONDUCT.md?client_id=4161a8257efaea420c94&client_secret=d814ec48927a6bd62c55c058cd028a949e5362d4
(HTTP) Error 404: 
https://api.github.com/repos/swoole/swoole-src/contents/CODE_OF_CONDUCT.md?client_id=4161a8257efaea420c94&client_secret=d814ec48927a6bd62c55c058cd028a949e5362d4
(HTTP) Error 404: 
https://api.github.com/repos/robertdavidgraham/masscan/contents/CODE_OF_CONDUCT?client_id=4161a8257efaea420c94&client_secret=d814ec48927a6bd62c55c058cd028a949e5362d4
(HTTP) Error 404: 
https://api.github.com/repos/jp9000/obs-studio/contents/CODE_OF_CONDUCT?client_id=4161a8257efaea420c94&client_secret=d814ec48927a6bd62c55c058cd028a949e5362d4
(HTTP) Error 404: 
https://api.github.com/repos/vurtun/nuklear/contents/CODE_OF_CONDUCT?client_id=4161a8257efaea420c94&client_secret=d814ec48927a6bd62c55c058cd028a949e5362d4
(HTTP) Error 404: 
https://api.github.com/repos/swoole/swoole-src/contents/CODE_OF_CONDUCT?client_id=4161a8257efaea420c94&client_secret=d814ec48927a6bd62c55c058cd028a949e5362d4
(HTTP) Error 404: 
https://api.github.com/repos/robertdavidgraham/masscan/contents/CODE_OF_CONDUCT.markdown?client_id=4161a8257efaea420c94&client_secret=d814ec48927a6bd62c55c058cd028a949e5362d4
(HTTP) Error 404: 
https://api.github.com/repos/vurtun/nuklear/contents/CODE_OF_CONDUCT.markdown?client_id=4161a8257efaea420c94&client_secret=d814ec48927a6bd62c55c058cd028a949e5362d4
(HTTP) Error 404: 
https://api.github.com/repos/swoole/swoole-src/contents/CODE_OF_CONDUCT.markdown?client_id=4161a8257efaea420c94&client_secret=d814ec48927a6bd62c55c058cd028a949e5362d4
