Collecting data from: How-to-Make-a-Computer-Operating-System
[Repository] Returning pull-requests available in How-to-Make-a-Computer-Operating-System
Creating a composed requisition: repos/SamyPesse/How-to-Make-a-Computer-Operating-System/pulls?state=all&page=1
[API] Requests Remaining:4997
[Repository] Returning pull-request #150 in How-to-Make-a-Computer-Operating-System
Creating a requisition: repos/SamyPesse/How-to-Make-a-Computer-Operating-System/pulls/150
[API] Requests Remaining:4980
Creating a composed requisition: repos/SamyPesse/How-to-Make-a-Computer-Operating-System/pulls/150/comments?page=1
[API] Requests Remaining:4977
Creating a composed requisition: repos/SamyPesse/How-to-Make-a-Computer-Operating-System/issues/150/comments?page=1
[API] Requests Remaining:4973
[Repository] Returning pull-request #146 in How-to-Make-a-Computer-Operating-System
Creating a requisition: repos/SamyPesse/How-to-Make-a-Computer-Operating-System/pulls/146
[API] Requests Remaining:4968
Creating a composed requisition: repos/SamyPesse/How-to-Make-a-Computer-Operating-System/pulls/146/comments?page=1
[API] Requests Remaining:4964
Creating a composed requisition: repos/SamyPesse/How-to-Make-a-Computer-Operating-System/issues/146/comments?page=1
[API] Requests Remaining:4960
[Repository] Returning pull-request #143 in How-to-Make-a-Computer-Operating-System
Creating a requisition: repos/SamyPesse/How-to-Make-a-Computer-Operating-System/pulls/143
[API] Requests Remaining:4956
Creating a composed requisition: repos/SamyPesse/How-to-Make-a-Computer-Operating-System/pulls/143/comments?page=1
[API] Requests Remaining:4952
Creating a composed requisition: repos/SamyPesse/How-to-Make-a-Computer-Operating-System/issues/143/comments?page=1
[API] Requests Remaining:4949
[Repository] Returning pull-request #141 in How-to-Make-a-Computer-Operating-System
Creating a requisition: repos/SamyPesse/How-to-Make-a-Computer-Operating-System/pulls/141
[API] Requests Remaining:4945
Creating a composed requisition: repos/SamyPesse/How-to-Make-a-Computer-Operating-System/pulls/141/comments?page=1
[API] Requests Remaining:4941
Creating a composed requisition: repos/SamyPesse/How-to-Make-a-Computer-Operating-System/issues/141/comments?page=1
[API] Requests Remaining:4938
[Repository] Returning pull-request #140 in How-to-Make-a-Computer-Operating-System
Creating a requisition: repos/SamyPesse/How-to-Make-a-Computer-Operating-System/pulls/140
[API] Requests Remaining:4935
Creating a composed requisition: repos/SamyPesse/How-to-Make-a-Computer-Operating-System/pulls/140/comments?page=1
[API] Requests Remaining:4932
Creating a composed requisition: repos/SamyPesse/How-to-Make-a-Computer-Operating-System/issues/140/comments?page=1
[API] Requests Remaining:4929
[Repository] Returning pull-request #139 in How-to-Make-a-Computer-Operating-System
Creating a requisition: repos/SamyPesse/How-to-Make-a-Computer-Operating-System/pulls/139
[API] Requests Remaining:4924
Creating a composed requisition: repos/SamyPesse/How-to-Make-a-Computer-Operating-System/pulls/139/comments?page=1
[API] Requests Remaining:4921
Creating a composed requisition: repos/SamyPesse/How-to-Make-a-Computer-Operating-System/issues/139/comments?page=1
[API] Requests Remaining:4918
[Repository] Returning pull-request #137 in How-to-Make-a-Computer-Operating-System
Creating a requisition: repos/SamyPesse/How-to-Make-a-Computer-Operating-System/pulls/137
[API] Requests Remaining:4914
Creating a composed requisition: repos/SamyPesse/How-to-Make-a-Computer-Operating-System/pulls/137/comments?page=1
[API] Requests Remaining:4906
Creating a composed requisition: repos/SamyPesse/How-to-Make-a-Computer-Operating-System/issues/137/comments?page=1
[API] Requests Remaining:4902
[Repository] Returning pull-request #136 in How-to-Make-a-Computer-Operating-System
Creating a requisition: repos/SamyPesse/How-to-Make-a-Computer-Operating-System/pulls/136
[API] Requests Remaining:4899
Creating a composed requisition: repos/SamyPesse/How-to-Make-a-Computer-Operating-System/pulls/136/comments?page=1
[API] Requests RemCollecting data from: wrk
[Repository] Returning pull-requests available in wrk
Creating a composed requisition: repos/wg/wrk/pulls?state=all&page=1
[API] Requests Remaining:4998
[Repository] Returning pull-request #367 in wrk
Creating a requisition: repos/wg/wrk/pulls/367
[API] Requests Remaining:4994
Creating a composed requisition: repos/wg/wrk/pulls/367/comments?page=1
[API] Requests Remaining:4992
Creating a composed requisition: repos/wg/wrk/issues/367/comments?page=1
[API] Requests Remaining:4990
[Repository] Returning pull-request #366 in wrk
Creating a requisition: repos/wg/wrk/pulls/366
[API] Requests Remaining:4986
Creating a composed requisition: repos/wg/wrk/pulls/366/comments?page=1
[API] Requests Remaining:4983
Creating a composed requisition: repos/wg/wrk/issues/366/comments?page=1
[API] Requests Remaining:4979
[Repository] Returning pull-request #364 in wrk
Creating a requisition: repos/wg/wrk/pulls/364
[API] Requests Remaining:4976
Creating a composed requisition: repos/wg/wrk/pulls/364/comments?page=1
[API] Requests Remaining:4972
Creating a composed requisition: repos/wg/wrk/issues/364/comments?page=1
[API] Requests Remaining:4969
[Repository] Returning pull-request #361 in wrk
Creating a requisition: repos/wg/wrk/pulls/361
[API] Requests Remaining:4965
Creating a composed requisition: repos/wg/wrk/pulls/361/comments?page=1
[API] Requests Remaining:4962
Creating a composed requisition: repos/wg/wrk/issues/361/comments?page=1
[API] Requests Remaining:4958
[Repository] Returning pull-request #358 in wrk
Creating a requisition: repos/wg/wrk/pulls/358
[API] Requests Remaining:4954
Creating a composed requisition: repos/wg/wrk/pulls/358/comments?page=1
[API] Requests Remaining:4948
Creating a composed requisition: repos/wg/wrk/issues/358/comments?page=1
[API] Requests Remaining:4944
[Repository] Returning pull-request #344 in wrk
Creating a requisition: repos/wg/wrk/pulls/344
[API] Requests Remaining:4939
Creating a composed requisition: repos/wg/wrk/pulls/344/comments?page=1
[API] Requests Remaining:4937
Creating a composed requisition: repos/wg/wrk/issues/344/comments?page=1
[API] Requests Remaining:4933
[Repository] Returning pull-request #338 in wrk
Creating a requisition: repos/wg/wrk/pulls/338
[API] Requests Remaining:4928
Creating a composed requisition: repos/wg/wrk/pulls/338/comments?page=1
[API] Requests Remaining:4925
Creating a composed requisition: repos/wg/wrk/issues/338/comments?page=1
[API] Requests Remaining:4922
[Repository] Returning pull-request #334 in wrk
Creating a requisition: repos/wg/wrk/pulls/334
[API] Requests Remaining:4917
Creating a composed requisition: repos/wg/wrk/pulls/334/comments?page=1
[API] Requests Remaining:4913
Creating a composed requisition: repos/wg/wrk/issues/334/comments?page=1
[API] Requests Remaining:4910
[Repository] Returning pull-request #321 in wrk
Creating a requisition: repos/wg/wrk/pulls/321
[API] Requests Remaining:4905
Creating a composed requisition: repos/wg/wrk/pulls/321/comments?page=1
[API] Requests Remaining:4901
Creating a composed requisition: repos/wg/wrk/issues/321/comments?page=1
[API] Requests Remaining:4897
Creating a composed requisition: repos/wg/wrk/issues/321/comments?page=2
[API] Requests Remaining:4893
[Repository] Returning pull-request #320 in wrk
Creating a requisition: repos/wg/wrk/pulls/320
[API] Requests Remaining:4888
Creating a composed requisition: repos/wg/wrk/pulls/320/comments?page=1
[API] Requests Remaining:4884
Creating a composed requisition: repos/wg/wrk/issues/320/comments?page=1
[API] Requests Remaining:4880
[Repository] Returning pull-request #318 in wrk
Creating a requisition: repos/wg/wrk/pulls/318
[API] Requests Remaining:4876
Creating a composed requisition: repos/wg/wrk/pulls/318/comments?page=1
[API] Requests Remaining:4872
Creating a composed requisition: repos/wg/wrk/issues/318/comments?page=1
[API] Requests Remaining:4868
Creating a composed requisition: repos/wg/wrk/issues/318/comments?page=2
[API] Requests Remaining:4864
[Repository] Returning pull-request #308 in wrk
Creating a requisition: repos/wg/Collecting data from: linux
[Repository] Returning pull-requests available in linux
Creating a composed requisition: repos/torvalds/linux/pulls?state=all&page=1
[API] Requests Remaining:4996
[Repository] Returning pull-request #625 in linux
Creating a requisition: repos/torvalds/linux/pulls/625
[API] Requests Remaining:4993
Creating a composed requisition: repos/torvalds/linux/pulls/625/comments?page=1
[API] Requests Remaining:4989
Creating a composed requisition: repos/torvalds/linux/issues/625/comments?page=1
[API] Requests Remaining:4987
Creating a composed requisition: repos/torvalds/linux/issues/625/comments?page=2
[API] Requests Remaining:4984
[Repository] Returning pull-request #624 in linux
Creating a requisition: repos/torvalds/linux/pulls/624
[API] Requests Remaining:4981
Creating a composed requisition: repos/torvalds/linux/pulls/624/comments?page=1
[API] Requests Remaining:4978
Creating a composed requisition: repos/torvalds/linux/issues/624/comments?page=1
[API] Requests Remaining:4975
Creating a composed requisition: repos/torvalds/linux/issues/624/comments?page=2
[API] Requests Remaining:4971
[Repository] Returning pull-request #623 in linux
Creating a requisition: repos/torvalds/linux/pulls/623
[API] Requests Remaining:4966
Creating a composed requisition: repos/torvalds/linux/pulls/623/comments?page=1
[API] Requests Remaining:4961
Creating a composed requisition: repos/torvalds/linux/issues/623/comments?page=1
[API] Requests Remaining:4957
Creating a composed requisition: repos/torvalds/linux/issues/623/comments?page=2
[API] Requests Remaining:4953
[Repository] Returning pull-request #622 in linux
Creating a requisition: repos/torvalds/linux/pulls/622
[API] Requests Remaining:4950
Creating a composed requisition: repos/torvalds/linux/pulls/622/comments?page=1
[API] Requests Remaining:4946
Creating a composed requisition: repos/torvalds/linux/issues/622/comments?page=1
[API] Requests Remaining:4942
[Repository] Returning pull-request #621 in linux
Creating a requisition: repos/torvalds/linux/pulls/621
[API] Requests Remaining:4936
Creating a composed requisition: repos/torvalds/linux/pulls/621/comments?page=1
[API] Requests Remaining:4930
Creating a composed requisition: repos/torvalds/linux/issues/621/comments?page=1
[API] Requests Remaining:4926
[Repository] Returning pull-request #620 in linux
Creating a requisition: repos/torvalds/linux/pulls/620
[API] Requests Remaining:4919
Creating a composed requisition: repos/torvalds/linux/pulls/620/comments?page=1
[API] Requests Remaining:4915
Creating a composed requisition: repos/torvalds/linux/issues/620/comments?page=1
[API] Requests Remaining:4911
[Repository] Returning pull-request #618 in linux
Creating a requisition: repos/torvalds/linux/pulls/618
[API] Requests Remaining:4908
Creating a composed requisition: repos/torvalds/linux/pulls/618/comments?page=1
[API] Requests Remaining:4904
Creating a composed requisition: repos/torvalds/linux/issues/618/comments?page=1
[API] Requests Remaining:4900
Creating a composed requisition: repos/torvalds/linux/issues/618/comments?page=2
[API] Requests Remaining:4894
[Repository] Returning pull-request #617 in linux
Creating a requisition: repos/torvalds/linux/pulls/617
[API] Requests Remaining:4890
Creating a composed requisition: repos/torvalds/linux/pulls/617/comments?page=1
[API] Requests Remaining:4886
Creating a composed requisition: repos/torvalds/linux/issues/617/comments?page=1
[API] Requests Remaining:4882
[Repository] Returning pull-request #616 in linux
Creating a requisition: repos/torvalds/linux/pulls/616
[API] Requests Remaining:4878
Creating a composed requisition: repos/torvalds/linux/pulls/616/comments?page=1
[API] Requests Remaining:4873
Creating a composed requisition: repos/torvalds/linux/issues/616/comments?page=1
[API] Requests Remaining:4869
Creating a composed requisition: repos/torvalds/linux/issues/616/comments?page=2
[API] Requests Remaining:4865
[Repository] Returning pull-request #615 in linux
Creating a requisition: repos/torvalds/linux/pulls/615
[API] Requests Remaining:4861
Creating a aining:4895
Creating a composed requisition: repos/SamyPesse/How-to-Make-a-Computer-Operating-System/issues/136/comments?page=1
[API] Requests Remaining:4891
[Repository] Returning pull-request #135 in How-to-Make-a-Computer-Operating-System
Creating a requisition: repos/SamyPesse/How-to-Make-a-Computer-Operating-System/pulls/135
[API] Requests Remaining:4887
Creating a composed requisition: repos/SamyPesse/How-to-Make-a-Computer-Operating-System/pulls/135/comments?page=1
[API] Requests Remaining:4883
Creating a composed requisition: repos/SamyPesse/How-to-Make-a-Computer-Operating-System/issues/135/comments?page=1
[API] Requests Remaining:4879
[Repository] Returning pull-request #134 in How-to-Make-a-Computer-Operating-System
Creating a requisition: repos/SamyPesse/How-to-Make-a-Computer-Operating-System/pulls/134
[API] Requests Remaining:4875
Creating a composed requisition: repos/SamyPesse/How-to-Make-a-Computer-Operating-System/pulls/134/comments?page=1
[API] Requests Remaining:4871
Creating a composed requisition: repos/SamyPesse/How-to-Make-a-Computer-Operating-System/issues/134/comments?page=1
[API] Requests Remaining:4867
[Repository] Returning pull-request #133 in How-to-Make-a-Computer-Operating-System
Creating a requisition: repos/SamyPesse/How-to-Make-a-Computer-Operating-System/pulls/133
[API] Requests Remaining:4863
Creating a composed requisition: repos/SamyPesse/How-to-Make-a-Computer-Operating-System/pulls/133/comments?page=1
[API] Requests Remaining:4859
Creating a composed requisition: repos/SamyPesse/How-to-Make-a-Computer-Operating-System/issues/133/comments?page=1
[API] Requests Remaining:4855
[Repository] Returning pull-request #132 in How-to-Make-a-Computer-Operating-System
Creating a requisition: repos/SamyPesse/How-to-Make-a-Computer-Operating-System/pulls/132
[API] Requests Remaining:4850
Creating a composed requisition: repos/SamyPesse/How-to-Make-a-Computer-Operating-System/pulls/132/comments?page=1
[API] Requests Remaining:4847
Creating a composed requisition: repos/SamyPesse/How-to-Make-a-Computer-Operating-System/issues/132/comments?page=1
[API] Requests Remaining:4844
[Repository] Returning pull-request #131 in How-to-Make-a-Computer-Operating-System
Creating a requisition: repos/SamyPesse/How-to-Make-a-Computer-Operating-System/pulls/131
[API] Requests Remaining:4841
Creating a composed requisition: repos/SamyPesse/How-to-Make-a-Computer-Operating-System/pulls/131/comments?page=1
[API] Requests Remaining:4837
Creating a composed requisition: repos/SamyPesse/How-to-Make-a-Computer-Operating-System/issues/131/comments?page=1
[API] Requests Remaining:4833
[Repository] Returning pull-request #128 in How-to-Make-a-Computer-Operating-System
Creating a requisition: repos/SamyPesse/How-to-Make-a-Computer-Operating-System/pulls/128
[API] Requests Remaining:4829
Creating a composed requisition: repos/SamyPesse/How-to-Make-a-Computer-Operating-System/pulls/128/comments?page=1
[API] Requests Remaining:4826
Creating a composed requisition: repos/SamyPesse/How-to-Make-a-Computer-Operating-System/issues/128/comments?page=1
[API] Requests Remaining:4823
[Repository] Returning pull-request #124 in How-to-Make-a-Computer-Operating-System
Creating a requisition: repos/SamyPesse/How-to-Make-a-Computer-Operating-System/pulls/124
[API] Requests Remaining:4820
Creating a composed requisition: repos/SamyPesse/How-to-Make-a-Computer-Operating-System/pulls/124/comments?page=1
[API] Requests Remaining:4814
Creating a composed requisition: repos/SamyPesse/How-to-Make-a-Computer-Operating-System/issues/124/comments?page=1
[API] Requests Remaining:4812
[Repository] Returning pull-request #123 in How-to-Make-a-Computer-Operating-System
Creating a requisition: repos/SamyPesse/How-to-Make-a-Computer-Operating-System/pulls/123
[API] Requests Remaining:4808
Creating a composed requisition: repos/SamyPesse/How-to-Make-a-Computer-Operating-System/pulls/123/comments?page=1
[API] Requests Remaining:4805
Creating a composed requisition: repos/SamyPesse/How-to-Make-a-Computer-Operating-System/issues/123/comments?page=1
[API] ReTraceback (most recent call last):
  File "dataset.py", line 160, in <module>
    parallel.map(partial(repositories_in_parallel, dataset_folder=dataset_folder, language=language), repositories)
  File "/usr/lib/python2.7/multiprocessing/pool.py", line 251, in map
    return self.map_async(func, iterable, chunksize).get()
  File "/usr/lib/python2.7/multiprocessing/pool.py", line 567, in get
    raise self._value
TypeError: 'NoneType' object has no attribute '__getitem__'
